This is pdfTeX, Version 3.141592653-2.6-1.40.22 (TeX Live 2021) (preloaded format=pdflatex 2021.5.14)  15 MAY 2021 13:47
entering extended mode
 restricted \write18 enabled.
 %&-line parsing enabled.
**Novel.t
(/usr/local/texlive/2021/texmf-dist/tex/latex/tools/x.tex
LaTeX2e <2020-10-01> patch level 4
L3 programming layer <2021-05-07>
! .
l.38   \batchmode \errmessage{}
                               \csname @@end\endcsname \end
This error message was generated by an \errmessage
command, so I can't give any explicit help.
Pretend that you're Hercule Poirot: Examine all clues,
and deduce the truth by order and method.

 ) 
Here is how much of TeX's memory you used:
 19 strings out of 480015
 517 string characters out of 5880063
 283760 words of memory out of 5000000
 17571 multiletter control sequences out of 15000+600000
 403430 words of font info for 27 fonts, out of 8000000 for 9000
 417 hyphenation exceptions out of 8191
 12i,0n,13p,87b,10s stack positions out of 5000i,500n,10000p,200000b,80000s

No pages of output.
PDF statistics:
 0 PDF objects out of 1000 (max. 8388607)
 0 named destinations out of 1000 (max. 500000)
 1 words of extra memory for PDF output out of 10000 (max. 10000000)

